# 分析文档
## 教材中语句执行分析
### 执行截图

* 查询1执行计划截图：

![图片加载失败](https://github.com/hwrbox/Oracle/blob/master/%E6%B5%8B%E8%AF%95/1.png)
![图片加载失败](https://github.com/hwrbox/Oracle/blob/master/%E6%B5%8B%E8%AF%95/1-1.PNG)

* 查询2执行计划截图：

![图片加载失败](https://github.com/hwrbox/Oracle/blob/master/%E6%B5%8B%E8%AF%95/2.png)


在我看来，两个查询语句之间的差别只是将最后两句代码进行了顺序的调换，其他的并没有什么差别，然而having是分组（group by）后的筛选条件，在分组后的数据组内再筛选，而where则是在分组前筛选，先进行了筛选后再分组，使得查询步骤更加简化。查询一有一次索引搜索access，一次全表搜索filter,而查询二有一次索引搜索access，两次次全表搜索filter，查询一其他参数都优于查询二，所以查询一的SQL语句更优。

### 查询一优化指导

![图片加载失败](https://github.com/hwrbox/Oracle/blob/master/%E6%B5%8B%E8%AF%95/4.PNG)


经过优化指导后，查询一有两次索引搜索access，而没有全表搜索filter，其他的指标也有提升，其执行计划如下：
```
1- Index Finding (see explain plans section below)
--------------------------------------------------
  通过创建一个或多个索引可以改进此语句的执行计划。
  Recommendation (estimated benefit: 59.99%)
  ------------------------------------------
  - 考虑运行可以改进物理方案设计的访问指导或者创建推荐的索引。
    create index HR.IDX$$_000B0001 on HR.DEPARTMENTS("DEPARTMENT_NAME","DEPARTM
    ENT_ID");
  Rationale
  ---------
    创建推荐的索引可以显著地改进此语句的执行计划。但是, 使用典型的 SQL 工作量运行 "访问指导"
    可能比单个语句更可取。通过这种方法可以获得全面的索引建议案, 包括计算索引维护的开销和附加的空间消耗。
2- Using New Indices
--------------------
Plan hash value: 4174297859
---------------------------------------------------------------------------------------------------
| Id  | Operation                     | Name              | Rows  | Bytes | Cost (%CPU)| Time     |
---------------------------------------------------------------------------------------------------
|   0 | SELECT STATEMENT              |                   |     2 |    46 |     2   (0)| 00:00:01 |
|   1 |  SORT GROUP BY NOSORT         |                   |     2 |    46 |     2   (0)| 00:00:01 |
|   2 |   NESTED LOOPS                |                   |    19 |   437 |     2   (0)| 00:00:01 |
|   3 |    NESTED LOOPS               |                   |    20 |   437 |     2   (0)| 00:00:01 |
|   4 |     INLIST ITERATOR           |                   |       |       |            |          |
|*  5 |      INDEX RANGE SCAN         | IDX$$_000B0001    |     2 |    32 |     1   (0)| 00:00:01 |
|*  6 |     INDEX RANGE SCAN          | EMP_DEPARTMENT_IX |    10 |       |     0   (0)| 00:00:01 |
|   7 |    TABLE ACCESS BY INDEX ROWID| EMPLOYEES         |    10 |    70 |     1   (0)| 00:00:01 |
--------------------------------------------------------------------------------------------------- 
Query Block Name / Object Alias (identified by operation id):
-------------------------------------------------------------
   1 - SEL$1
   5 - SEL$1 / D@SEL$1
   6 - SEL$1 / E@SEL$1
   7 - SEL$1 / E@SEL$1
Predicate Information (identified by operation id):
---------------------------------------------------
   5 - access("D"."DEPARTMENT_NAME"='IT' OR "D"."DEPARTMENT_NAME"='Sales')
   6 - access("D"."DEPARTMENT_ID"="E"."DEPARTMENT_ID")
Column Projection Information (identified by operation id):
-----------------------------------------------------------
   1 - (#keys=1) "DEPARTMENT_NAME"[VARCHAR2,30], COUNT("E"."SALARY")[22], COUNT(*)[22], 
       SUM("E"."SALARY")[22]
   2 - (#keys=0) "DEPARTMENT_NAME"[VARCHAR2,30], "E"."SALARY"[NUMBER,22]
   3 - (#keys=0) "DEPARTMENT_NAME"[VARCHAR2,30], "E".ROWID[ROWID,10]
   4 - "D"."DEPARTMENT_ID"[NUMBER,22], "DEPARTMENT_NAME"[VARCHAR2,30]
   5 - "D"."DEPARTMENT_ID"[NUMBER,22], "DEPARTMENT_NAME"[VARCHAR2,30]
   6 - "E".ROWID[ROWID,10]
   7 - "E"."SALARY"[NUMBER,22]
```

## 自定义语句
自定义的语句是查询每个部门工作的员工数量、平均工资。

* SQL语句：
```sql
select (
    select d.department_name from departments d 
    where e.department_id=d.department_id) 
    as "部门名称" ,count(department_id) as "员工数量",avg(salary) as "部门平均工资" 
from employees e 
group by department_id;
```

* 查询结果：

![图片加载失败](https://github.com/hwrbox/Oracle/blob/master/%E6%B5%8B%E8%AF%95/5.png)

* 执行计划：
```
GENERAL INFORMATION SECTION
-------------------------------------------------------------------------------
Tuning Task Name   : staName37991
Tuning Task Owner  : HR
Tuning Task ID     : 448
Workload Type      : Single SQL Statement
Execution Count    : 1
Current Execution  : EXEC_440
Execution Type     : TUNE SQL
Scope              : COMPREHENSIVE
Time Limit(seconds): 1800
Completion Status  : COMPLETED
Started at         : 10/18/2018 13:26:28
Completed at       : 10/18/2018 13:26:28
-------------------------------------------------------------------------------
Schema Name   : HR
Container Name: PDBORCL
SQL ID        : 7us5zkq22yk77
SQL Text      : select (
                    select d.department_name from departments d 
                    where e.department_id=d.department_id) 
                    as "部门名称" ,count(department_id) as "员工数量",avg(salary) as
                "部门平均工资" 
                from employees e 
                group by department_id
-------------------------------------------------------------------------------
                           Original Plan  With SQL Profile  % Improved
                           -------------  ----------------  ----------
  Completion Status:            COMPLETE          COMPLETE
  Elapsed Time (s):             .000225           .000101      55.11 %
  CPU Time (s):                   .0002           .000199         .5 %
  User I/O Time (s):                  0                 0 
  Buffer Gets:                       18                10      44.44 %
  Physical Read Requests:             0                 0 
  Physical Write Requests:            0                 0 
  Physical Read Bytes:                0                 0 
  Physical Write Bytes:               0                 0 
  Rows Processed:                    12                12 
  Fetches:                           12                12 
  Executions:                         1                 1 
  Notes
  -----
  1. the original plan 的统计信息是 10 执行的平均值。
  2. the SQL profile plan 的统计信息是 10 执行的平均值。
-------------------------------------------------------------------------------
EXPLAIN PLANS SECTION
-------------------------------------------------------------------------------
1- Original
-----------
Plan hash value: 81472870
-------------------------------------------------------------------------------------
| Id  | Operation          | Name           | Rows  | Bytes | Cost (%CPU)| Time     |
-------------------------------------------------------------------------------------
|   0 | SELECT STATEMENT   |                |    11 |    77 |    15   (7)| 00:00:01 |
|*  1 |  INDEX SKIP SCAN   | IDX$$_006F0001 |     1 |    16 |     1   (0)| 00:00:01 |
|   2 |  HASH GROUP BY     |                |    11 |    77 |    15   (7)| 00:00:01 |
|   3 |   TABLE ACCESS FULL| EMPLOYEES      |   107 |   749 |     3   (0)| 00:00:01 |
------------------------------------------------------------------------------------- 
Query Block Name / Object Alias (identified by operation id):
-------------------------------------------------------------
   1 - SEL$2 / D@SEL$2
   2 - SEL$1
   3 - SEL$1 / E@SEL$1
Predicate Information (identified by operation id):
---------------------------------------------------
   1 - access("D"."DEPARTMENT_ID"=:B1)
       filter("D"."DEPARTMENT_ID"=:B1)
Column Projection Information (identified by operation id):
-----------------------------------------------------------
   1 - "D"."DEPARTMENT_ID"[NUMBER,22], "D"."DEPARTMENT_NAME"[VARCHAR2,30]
   2 - (#keys=1) "DEPARTMENT_ID"[NUMBER,22], COUNT("SALARY")[22], 
       COUNT("DEPARTMENT_ID")[22], SUM("SALARY")[22]
   3 - (rowset=200) "SALARY"[NUMBER,22], "DEPARTMENT_ID"[NUMBER,22]
   
2- Original With Adjusted Cost
------------------------------
Plan hash value: 81472870
-------------------------------------------------------------------------------------
| Id  | Operation          | Name           | Rows  | Bytes | Cost (%CPU)| Time     |
-------------------------------------------------------------------------------------
|   0 | SELECT STATEMENT   |                |    11 |    77 |    15   (7)| 00:00:01 |
|*  1 |  INDEX SKIP SCAN   | IDX$$_006F0001 |     1 |    16 |     1   (0)| 00:00:01 |
|   2 |  HASH GROUP BY     |                |    11 |    77 |    15   (7)| 00:00:01 |
|   3 |   TABLE ACCESS FULL| EMPLOYEES      |   107 |   749 |     3   (0)| 00:00:01 |
-------------------------------------------------------------------------------------
Query Block Name / Object Alias (identified by operation id):
-------------------------------------------------------------
   1 - SEL$2 / D@SEL$2
   2 - SEL$1
   3 - SEL$1 / E@SEL$1
Predicate Information (identified by operation id):
---------------------------------------------------
   1 - access("D"."DEPARTMENT_ID"=:B1)
       filter("D"."DEPARTMENT_ID"=:B1)
Column Projection Information (identified by operation id):
-----------------------------------------------------------
   1 - "D"."DEPARTMENT_ID"[NUMBER,22], "D"."DEPARTMENT_NAME"[VARCHAR2,30]
   2 - (#keys=1) "DEPARTMENT_ID"[NUMBER,22], COUNT("SALARY")[22], 
       COUNT("DEPARTMENT_ID")[22], SUM("SALARY")[22]
   3 - (rowset=200) "SALARY"[NUMBER,22], "DEPARTMENT_ID"[NUMBER,22]
```

* 优化指导：

![图片加载失败](https://github.com/hwrbox/Oracle/blob/master/%E6%B5%8B%E8%AF%95/6.png)
```
FINDINGS SECTION (1 finding)
-------------------------------------------------------------------------------
1- SQL Profile Finding (see explain plans section below)
--------------------------------------------------------
  为此语句找到了性能更好的执行计划。
  Recommendation (estimated benefit: 44.39%)
  ------------------------------------------
  - 考虑接受推荐的 SQL 概要文件。
    execute dbms_sqltune.accept_sql_profile(task_name => 'staName37991',
            task_owner => 'HR', replace => TRUE);
  Validation results
  ------------------
  已对 SQL profile 进行测试, 方法为执行其计划和原始计划并测量与计划相对应的执行统计信息。如果其中一个计划运
  行在很短的时间内就完成,则另一计划可能只执行了一部分。
3- Using SQL Profile
--------------------
Plan hash value: 1032258243 
-------------------------------------------------------------------------------------
| Id  | Operation          | Name           | Rows  | Bytes | Cost (%CPU)| Time     |
-------------------------------------------------------------------------------------
|   0 | SELECT STATEMENT   |                |    11 |    77 |     4  (25)| 00:00:01 |
|*  1 |  INDEX FULL SCAN   | IDX$$_006F0001 |     1 |    16 |     1   (0)| 00:00:01 |
|   2 |  SORT GROUP BY     |                |    11 |    77 |     4  (25)| 00:00:01 |
|   3 |   TABLE ACCESS FULL| EMPLOYEES      |   107 |   749 |     3   (0)| 00:00:01 |
------------------------------------------------------------------------------------- 
Query Block Name / Object Alias (identified by operation id):
------------------------------------------------------------- 
   1 - SEL$2 / D@SEL$2
   2 - SEL$1
   3 - SEL$1 / E@SEL$1 
Predicate Information (identified by operation id):
---------------------------------------------------
   1 - access("D"."DEPARTMENT_ID"=:B1)
       filter("D"."DEPARTMENT_ID"=:B1)
Column Projection Information (identified by operation id):
-----------------------------------------------------------
   1 - "D"."DEPARTMENT_ID"[NUMBER,22], "D"."DEPARTMENT_NAME"[VARCHAR2,30]
   2 - (#keys=1) "DEPARTMENT_ID"[NUMBER,22], COUNT("SALARY")[22], 
       COUNT("DEPARTMENT_ID")[22], SUM("SALARY")[22]
   3 - (rowset=200) "SALARY"[NUMBER,22], "DEPARTMENT_ID"[NUMBER,22]
-------------------------------------------------------------------------------
```
优化指导提升了语句的执行性能，在原语句中如果其中一个计划运行在很短的时间内就完成,则另一计划可能只执行了一部分。而优化后则只有一个计划并提高了CPU cost在整个cost中占的百分比
